<?xml version="1.0" encoding="UTF-8"?>
<testng-results ignored="0" total="3" passed="3" failed="0" skipped="0">
  <reporter-output>
  </reporter-output>
  <suite started-at="2023-08-21T15:53:36 IST" name="Suite" finished-at="2023-08-21T15:53:45 IST" duration-ms="9016">
    <groups>
    </groups>
    <test started-at="2023-08-21T15:53:36 IST" name="Test1" finished-at="2023-08-21T15:53:39 IST" duration-ms="2641">
      <class name="crossbrowser.CrossBrowserTest">
        <test-method signature="test(java.lang.String)[pri:0, instance:crossbrowser.CrossBrowserTest@57a3af25]" started-at="2023-08-21T15:53:36 IST" name="test" finished-at="2023-08-21T15:53:39 IST" duration-ms="2606" status="PASS">
          <params>
            <param index="0">
              <value>
                <![CDATA[chrome]]>
              </value>
            </param>
          </params>
          <reporter-output>
          </reporter-output>
        </test-method> <!-- test -->
      </class> <!-- crossbrowser.CrossBrowserTest -->
    </test> <!-- Test1 -->
    <test started-at="2023-08-21T15:53:39 IST" name="Test2" finished-at="2023-08-21T15:53:42 IST" duration-ms="3351">
      <class name="crossbrowser.CrossBrowserTest">
        <test-method signature="test(java.lang.String)[pri:0, instance:crossbrowser.CrossBrowserTest@443118b0]" started-at="2023-08-21T15:53:39 IST" name="test" finished-at="2023-08-21T15:53:42 IST" duration-ms="3348" status="PASS">
          <params>
            <param index="0">
              <value>
                <![CDATA[ff]]>
              </value>
            </param>
          </params>
          <reporter-output>
          </reporter-output>
        </test-method> <!-- test -->
      </class> <!-- crossbrowser.CrossBrowserTest -->
    </test> <!-- Test2 -->
    <test started-at="2023-08-21T15:53:42 IST" name="Test3" finished-at="2023-08-21T15:53:45 IST" duration-ms="2999">
      <class name="crossbrowser.CrossBrowserTest">
        <test-method signature="test(java.lang.String)[pri:0, instance:crossbrowser.CrossBrowserTest@618b19ad]" started-at="2023-08-21T15:53:42 IST" name="test" finished-at="2023-08-21T15:53:45 IST" duration-ms="2996" status="PASS">
          <params>
            <param index="0">
              <value>
                <![CDATA[edge]]>
              </value>
            </param>
          </params>
          <reporter-output>
          </reporter-output>
        </test-method> <!-- test -->
      </class> <!-- crossbrowser.CrossBrowserTest -->
    </test> <!-- Test3 -->
  </suite> <!-- Suite -->
</testng-results>
