<?xml version="1.0" encoding="UTF-8"?>
<testng-results ignored="0" total="4" passed="4" failed="0" skipped="0">
  <reporter-output>
  </reporter-output>
  <suite started-at="2023-08-16T15:51:37 IST" name="Default suite" finished-at="2023-08-16T15:51:40 IST" duration-ms="3478">
    <groups>
    </groups>
    <test started-at="2023-08-16T15:51:37 IST" name="Default test" finished-at="2023-08-16T15:51:40 IST" duration-ms="3478">
      <class name="parameterized.FB_Parameter">
        <test-method is-config="true" signature="openBrowser()[pri:0, instance:parameterized.FB_Parameter@7f0eb4b4]" started-at="2023-08-16T15:51:37 IST" name="openBrowser" finished-at="2023-08-16T15:51:40 IST" duration-ms="2806" status="PASS">
          <reporter-output>
          </reporter-output>
        </test-method> <!-- openBrowser -->
        <test-method signature="loginTest(java.lang.String,java.lang.String)[pri:0, instance:parameterized.FB_Parameter@7f0eb4b4]" started-at="2023-08-16T15:51:40 IST" name="loginTest" data-provider="dp" finished-at="2023-08-16T15:51:40 IST" duration-ms="193" status="PASS">
          <params>
            <param index="0">
              <value>
                <![CDATA[incorrect@gmail.com]]>
              </value>
            </param>
            <param index="1">
              <value>
                <![CDATA[incorrect]]>
              </value>
            </param>
          </params>
          <reporter-output>
          </reporter-output>
        </test-method> <!-- loginTest -->
        <test-method signature="loginTest(java.lang.String,java.lang.String)[pri:0, instance:parameterized.FB_Parameter@7f0eb4b4]" started-at="2023-08-16T15:51:40 IST" name="loginTest" data-provider="dp" finished-at="2023-08-16T15:51:40 IST" duration-ms="150" status="PASS">
          <params>
            <param index="0">
              <value>
                <![CDATA[correct@gmail.com]]>
              </value>
            </param>
            <param index="1">
              <value>
                <![CDATA[incorrect]]>
              </value>
            </param>
          </params>
          <reporter-output>
          </reporter-output>
        </test-method> <!-- loginTest -->
        <test-method signature="loginTest(java.lang.String,java.lang.String)[pri:0, instance:parameterized.FB_Parameter@7f0eb4b4]" started-at="2023-08-16T15:51:40 IST" name="loginTest" data-provider="dp" finished-at="2023-08-16T15:51:40 IST" duration-ms="148" status="PASS">
          <params>
            <param index="0">
              <value>
                <![CDATA[incorrect@gmail.com]]>
              </value>
            </param>
            <param index="1">
              <value>
                <![CDATA[correct]]>
              </value>
            </param>
          </params>
          <reporter-output>
          </reporter-output>
        </test-method> <!-- loginTest -->
        <test-method signature="loginTest(java.lang.String,java.lang.String)[pri:0, instance:parameterized.FB_Parameter@7f0eb4b4]" started-at="2023-08-16T15:51:40 IST" name="loginTest" data-provider="dp" finished-at="2023-08-16T15:51:40 IST" duration-ms="147" status="PASS">
          <params>
            <param index="0">
              <value>
                <![CDATA[correct@gmail.com]]>
              </value>
            </param>
            <param index="1">
              <value>
                <![CDATA[correct]]>
              </value>
            </param>
          </params>
          <reporter-output>
          </reporter-output>
        </test-method> <!-- loginTest -->
      </class> <!-- parameterized.FB_Parameter -->
    </test> <!-- Default test -->
  </suite> <!-- Default suite -->
</testng-results>
