<?xml version="1.0" encoding="UTF-8"?>
<!-- Generated by org.testng.reporters.JUnitXMLReporter -->
<testsuite ignored="0" hostname="DESKTOP-S4VQME9" failures="0" tests="3" name="Default test" time="0.057" errors="0" timestamp="2023-08-04T16:02:18 IST">
  <testcase classname="shopping.Payment" name="cod" time="0.009"/>
  <testcase classname="shopping.Payment" name="creditCart" time="0.001"/>
  <testcase classname="shopping.Payment" name="debitCart" time="0.001"/>
</testsuite> <!-- Default test -->
