<?xml version="1.0" encoding="UTF-8"?>
<!-- Generated by org.testng.reporters.JUnitXMLReporter -->
<testsuite ignored="0" hostname="DESKTOP-S4VQME9" failures="0" tests="4" name="Default test" time="3.478" errors="0" timestamp="2023-08-16T15:51:40 IST">
  <testcase classname="parameterized.FB_Parameter" name="loginTest" time="0.193"/>
  <testcase classname="parameterized.FB_Parameter" name="loginTest" time="0.15"/>
  <testcase classname="parameterized.FB_Parameter" name="loginTest" time="0.148"/>
  <testcase classname="parameterized.FB_Parameter" name="loginTest" time="0.147"/>
</testsuite> <!-- Default test -->
