<?xml version="1.0" encoding="UTF-8"?>
<!-- Generated by org.testng.reporters.JUnitXMLReporter -->
<testsuite ignored="0" hostname="DESKTOP-S4VQME9" failures="0" tests="7" name="Second" time="0.068" errors="0" timestamp="2023-08-04T16:06:19 IST">
  <testcase classname="shopping.Product" name="addtoCart" time="0.01"/>
  <testcase classname="shopping.Product" name="editProduct" time="0.001"/>
  <testcase classname="shopping.Product" name="removeCart" time="0.001"/>
  <testcase classname="shopping.Product" name="wishList" time="0.002"/>
  <testcase classname="shopping.User" name="createAccount" time="0.001"/>
  <testcase classname="shopping.User" name="login" time="0.001"/>
  <testcase classname="shopping.User" name="profilemange" time="0.002"/>
</testsuite> <!-- Second -->
