<?xml version="1.0" encoding="UTF-8"?>
<!-- Generated by org.testng.reporters.JUnitXMLReporter -->
<testsuite ignored="8" hostname="DESKTOP-S4VQME9" failures="0" tests="2" name="Smoke" time="0.008" errors="0" timestamp="2023-08-09T15:34:54 IST">
  <testcase classname="shopping.Product" name="removeCart" time="0.001"/>
  <testcase classname="shopping.User" name="profilemange" time="0.002"/>
  <testcase classname="shopping.Payment" name="debitCart" time="0.0">
    <ignored/>
  </testcase> <!-- debitCart -->
  <testcase classname="shopping.User" name="createAccount" time="0.0">
    <ignored/>
  </testcase> <!-- createAccount -->
  <testcase classname="shopping.Payment" name="creditCart" time="0.0">
    <ignored/>
  </testcase> <!-- creditCart -->
  <testcase classname="shopping.User" name="login" time="0.0">
    <ignored/>
  </testcase> <!-- login -->
  <testcase classname="shopping.Product" name="addtoCart" time="0.0">
    <ignored/>
  </testcase> <!-- addtoCart -->
  <testcase classname="shopping.Product" name="wishList" time="0.0">
    <ignored/>
  </testcase> <!-- wishList -->
  <testcase classname="shopping.Product" name="editProduct" time="0.0">
    <ignored/>
  </testcase> <!-- editProduct -->
  <testcase classname="shopping.Payment" name="cod" time="0.0">
    <ignored/>
  </testcase> <!-- cod -->
</testsuite> <!-- Smoke -->
