<?xml version="1.0" encoding="UTF-8"?>
<!-- Generated by org.testng.reporters.JUnitXMLReporter -->
<testsuite ignored="7" hostname="DESKTOP-S4VQME9" failures="0" tests="3" name="Test" time="0.057" errors="0" timestamp="2023-08-04T16:10:49 IST">
  <testcase classname="shopping.Product" name="addtoCart" time="0.011"/>
  <testcase classname="shopping.Payment" name="creditCart" time="0.001"/>
  <testcase classname="shopping.User" name="login" time="0.002"/>
  <testcase classname="shopping.User" name="profilemange" time="0.0">
    <ignored/>
  </testcase> <!-- profilemange -->
  <testcase classname="shopping.User" name="createAccount" time="0.0">
    <ignored/>
  </testcase> <!-- createAccount -->
  <testcase classname="shopping.Product" name="removeCart" time="0.0">
    <ignored/>
  </testcase> <!-- removeCart -->
  <testcase classname="shopping.Payment" name="cod" time="0.0">
    <ignored/>
  </testcase> <!-- cod -->
  <testcase classname="shopping.Product" name="editProduct" time="0.0">
    <ignored/>
  </testcase> <!-- editProduct -->
  <testcase classname="shopping.Product" name="wishList" time="0.0">
    <ignored/>
  </testcase> <!-- wishList -->
  <testcase classname="shopping.Payment" name="debitCart" time="0.0">
    <ignored/>
  </testcase> <!-- debitCart -->
</testsuite> <!-- Test -->
